========================================================================================
cmd: az account show --query id -o tsv
exit: 0   duration_ms: 1937
--- stdout ---
832c4080-181c-476b-9db0-b3ce9596d40a
--- stderr ---


========================================================================================
cmd: az group show --name envb-20260220-073450 -o json
exit: 0   duration_ms: 2813
--- stdout ---
{
  "id": "/subscriptions/832c4080-181c-476b-9db0-b3ce9596d40a/resourceGroups/envb-20260220-073450",
  "location": "japaneast",
  "managedBy": null,
  "name": "envb-20260220-073450",
  "properties": {
    "provisioningState": "Succeeded"
  },
  "tags": null,
  "type": "Microsoft.Resources/resourceGroups"
}
--- stderr ---


========================================================================================
cmd: az deployment group create --name envb-20260220-073533 --resource-group envb-20260220-073450 --template-file main.bicep --parameters @main.parameters.json -o json
exit: 0   duration_ms: 40421
--- stdout ---
{
  "id": "/subscriptions/832c4080-181c-476b-9db0-b3ce9596d40a/resourceGroups/envb-20260220-073450/providers/Microsoft.Resources/deployments/envb-20260220-073533",
  "location": null,
  "name": "envb-20260220-073533",
  "properties": {
    "correlationId": "bbfd2642-9a8c-48be-bd87-25395a667292",
    "debugSetting": null,
    "dependencies": [],
    "diagnostics": null,
    "duration": "PT24.7567715S",
    "error": null,
    "extensions": [],
    "mode": "Incremental",
    "onErrorDeployment": null,
    "outputResources": [
      {
        "apiVersion": null,
        "extension": null,
        "id": "/subscriptions/832c4080-181c-476b-9db0-b3ce9596d40a/resourceGroups/envb-20260220-073450/providers/Microsoft.Storage/storageAccounts/sttl6mymvxtwwue",
        "identifiers": null,
        "resourceGroup": "envb-20260220-073450",
        "resourceType": "Microsoft.Storage/storageAccounts"
      }
    ],
    "outputs": {
      "storageAccountName": {
        "type": "String",
        "value": "sttl6mymvxtwwue"
      }
    },
    "parameters": {
      "location": {
        "type": "String",
        "value": "japaneast"
      }
    },
    "parametersLink": null,
    "providers": [
      {
        "id": null,
        "namespace": "Microsoft.Storage",
        "providerAuthorizationConsentState": null,
        "registrationPolicy": null,
        "registrationState": null,
        "resourceTypes": [
          {
            "aliases": null,
            "apiProfiles": null,
            "apiVersions": null,
            "capabilities": null,
            "defaultApiVersion": null,
            "locationMappings": null,
            "locations": [
              "japaneast"
            ],
            "properties": null,
            "resourceType": "storageAccounts",
            "zoneMappings": null
          }
        ]
      }
    ],
    "provisioningState": "Succeeded",
    "templateHash": "15144317325476628550",
    "templateLink": null,
    "timestamp": "2026-02-19T22:36:10.492721+00:00",
    "validatedResources": null,
    "validationLevel": null
  },
  "resourceGroup": "envb-20260220-073450",
  "tags": null,
  "type": "Microsoft.Resources/deployments"
}
--- stderr ---
WARNING: A new Bicep release is available: v0.40.2. Upgrade now by running "az bicep upgrade".

