========================================================================================
cmd: az account show --query id -o tsv
exit: 0   duration_ms: 2000
--- stdout ---
832c4080-181c-476b-9db0-b3ce9596d40a
--- stderr ---


========================================================================================
cmd: az group show --name brief -o json
exit: 0   duration_ms: 3891
--- stdout ---
{
  "id": "/subscriptions/832c4080-181c-476b-9db0-b3ce9596d40a/resourceGroups/brief",
  "location": "japaneast",
  "managedBy": null,
  "name": "brief",
  "properties": {
    "provisioningState": "Succeeded"
  },
  "tags": null,
  "type": "Microsoft.Resources/resourceGroups"
}
--- stderr ---


========================================================================================
cmd: az deployment group what-if --name envb-20260220-070723 --resource-group brief --template-file main.bicep --parameters @main.parameters.json -o json
exit: 1   duration_ms: 7125
--- stdout ---

--- stderr ---
WARNING: A new Bicep release is available: v0.40.2. Upgrade now by running "az bicep upgrade".
ERROR: D:\03_github\.poc\Ag-sdk-enterprise-challenge\step01-env-builder\out\20260220-070723\main.bicep(7,60) : Error BCP327: The provided value (which will always be greater than or equal to 18) is too large to assign to a target for which the maximum allowable value is 13. [https://aka.ms/bicep/core-diagnostics#BCP327]

