========================================================================================
cmd: az account show --query id -o tsv
exit: 0   duration_ms: 2046
--- stdout ---
832c4080-181c-476b-9db0-b3ce9596d40a
--- stderr ---


========================================================================================
cmd: az group show --name envb-20260220-073450 -o json
exit: 0   duration_ms: 3016
--- stdout ---
{
  "id": "/subscriptions/832c4080-181c-476b-9db0-b3ce9596d40a/resourceGroups/envb-20260220-073450",
  "location": "japaneast",
  "managedBy": null,
  "name": "envb-20260220-073450",
  "properties": {
    "provisioningState": "Succeeded"
  },
  "tags": null,
  "type": "Microsoft.Resources/resourceGroups"
}
--- stderr ---


========================================================================================
cmd: az deployment group what-if --name envb-20260220-073457 --resource-group envb-20260220-073450 --template-file main.bicep --parameters @main.parameters.json -o json
exit: 0   duration_ms: 30000
--- stdout ---
Note: The result may contain false positive predictions (noise).
You can help us improve the accuracy of the result by opening an issue here: https://aka.ms/WhatIfIssues

Resource and property changes are indicated with this symbol:
  + Create

The deployment will update the following scope:

Scope: /subscriptions/832c4080-181c-476b-9db0-b3ce9596d40a/resourceGroups/envb-20260220-073450

  + Microsoft.Storage/storageAccounts/sttl6mymvxtwwue [2023-01-01]

      apiVersion:                          "2023-01-01"
      id:                                  "/subscriptions/832c4080-181c-476b-9db0-b3ce9596d40a/resourceGroups/envb-20260220-073450/providers/Microsoft.Storage/storageAccounts/sttl6mymvxtwwue"
      kind:                                "StorageV2"
      location:                            "japaneast"
      name:                                "sttl6mymvxtwwue"
      properties.allowBlobPublicAccess:    false
      properties.minimumTlsVersion:        "TLS1_2"
      properties.supportsHttpsTrafficOnly: true
      sku.name:                            "Standard_LRS"
      type:                                "Microsoft.Storage/storageAccounts"

Resource changes: 1 to create.
--- stderr ---
WARNING: A new Bicep release is available: v0.40.2. Upgrade now by running "az bicep upgrade".

